<?xml version="1.0" encoding="UTF-8"?>
<testsuite name="trees.AppTest" tests="2" skipped="0" failures="0" errors="0" timestamp="2021-11-01T18:26:59" hostname="mosa-HP-250-G7-Notebook-PC" time="0.023">
  <properties/>
  <testcase name="BinaryTreeTest()" classname="trees.AppTest" time="0.021"/>
  <testcase name="appHasAGreeting()" classname="trees.AppTest" time="0.001"/>
  <system-out><![CDATA[]]></system-out>
  <system-err><![CDATA[]]></system-err>
</testsuite>
