<?xml version="1.0" encoding="UTF-8"?>
<testsuite name="trees.AppTest" tests="1" skipped="0" failures="0" errors="0" timestamp="2021-10-31T20:53:17" hostname="mosa-HP-250-G7-Notebook-PC" time="0.019">
  <properties/>
  <testcase name="BinaryTreeTest()" classname="trees.AppTest" time="0.019"/>
  <system-out><![CDATA[]]></system-out>
  <system-err><![CDATA[]]></system-err>
</testsuite>
