<?xml version="1.0" encoding="UTF-8"?>
<testsuite name="linked.list.AppTest" tests="6" skipped="0" failures="0" errors="0" timestamp="2021-10-23T12:57:56" hostname="mosa-HP-250-G7-Notebook-PC" time="0.063">
  <properties/>
  <testcase name="insertAfterTest()" classname="linked.list.AppTest" time="0.03"/>
  <testcase name="linkedlistoString()" classname="linked.list.AppTest" time="0.021"/>
  <testcase name="linkedlistincludes()" classname="linked.list.AppTest" time="0.002"/>
  <testcase name="insertBeforeTest()" classname="linked.list.AppTest" time="0.001"/>
  <testcase name="linkedlistinsert()" classname="linked.list.AppTest" time="0.001"/>
  <testcase name="appHasAGreeting()" classname="linked.list.AppTest" time="0.002"/>
  <system-out><![CDATA[]]></system-out>
  <system-err><![CDATA[]]></system-err>
</testsuite>
