<?xml version="1.0" encoding="UTF-8"?>
<testsuite name="linked.list.AppTest" tests="1" skipped="0" failures="0" errors="0" timestamp="2021-10-23T16:33:00" hostname="mosa-HP-250-G7-Notebook-PC" time="0.023">
  <properties/>
  <testcase name="kthTest()" classname="linked.list.AppTest" time="0.023"/>
  <system-out><![CDATA[]]></system-out>
  <system-err><![CDATA[]]></system-err>
</testsuite>
